<?xml version="1.0" encoding="utf-8"?>
<coverage line-rate="0.79" branch-rate="0.6815000000000001" version="1.9" timestamp="1776895097" lines-covered="1791" lines-valid="2267" branches-covered="563" branches-valid="826">
  <sources>
    <source>/home/runner/work/Dolphin/Dolphin/src/Dolphin/</source>
  </sources>
  <packages>
    <package name="dolphin" line-rate="0.79" branch-rate="0.6815000000000001" complexity="918">
      <classes>
        <class name="Program/&lt;&lt;Main&gt;$&gt;d__0" filename="Program.cs" line-rate="0" branch-rate="1" complexity="1">
          <methods>
            <method name="MoveNext" signature="()" line-rate="0" branch-rate="1" complexity="1">
              <lines>
                <line number="7" hits="0" branch="False" />
              </lines>
            </method>
          </methods>
          <lines>
            <line number="7" hits="0" branch="False" />
          </lines>
        </class>
        <class name="System.Text.RegularExpressions.Generated.&lt;RegexGenerator_g&gt;F1F893F6DAA5F7574A96EBBC738EC77144C3C8DDE2CB206E110E5E766860D4699__LocationPattern_0" filename="obj/Debug/net10.0/linux-x64/System.Text.RegularExpressions.Generator/System.Text.RegularExpressions.Generator.RegexGenerator/RegexGenerator.g.cs" line-rate="1" branch-rate="1" complexity="2">
          <methods>
            <method name=".ctor" signature="()" line-rate="1" branch-rate="1" complexity="1">
              <lines>
                <line number="199" hits="1" branch="False" />
                <line number="200" hits="1" branch="False" />
                <line number="201" hits="1" branch="False" />
                <line number="202" hits="1" branch="False" />
                <line number="203" hits="1" branch="False" />
                <line number="204" hits="1" branch="False" />
                <line number="205" hits="1" branch="False" />
                <line number="206" hits="1" branch="False" />
              </lines>
            </method>
            <method name=".cctor" signature="()" line-rate="1" branch-rate="1" complexity="1">
              <lines>
                <line number="196" hits="1" branch="False" />
              </lines>
            </method>
          </methods>
          <lines>
            <line number="199" hits="1" branch="False" />
            <line number="200" hits="1" branch="False" />
            <line number="201" hits="1" branch="False" />
            <line number="202" hits="1" branch="False" />
            <line number="203" hits="1" branch="False" />
            <line number="204" hits="1" branch="False" />
            <line number="205" hits="1" branch="False" />
            <line number="206" hits="1" branch="False" />
            <line number="196" hits="1" branch="False" />
          </lines>
        </class>
        <class name="System.Text.RegularExpressions.Generated.&lt;RegexGenerator_g&gt;F1F893F6DAA5F7574A96EBBC738EC77144C3C8DDE2CB206E110E5E766860D4699__LocationPattern_0/RunnerFactory" filename="obj/Debug/net10.0/linux-x64/System.Text.RegularExpressions.Generator/System.Text.RegularExpressions.Generator.RegexGenerator/RegexGenerator.g.cs" line-rate="1" branch-rate="1" complexity="1">
          <methods>
            <method name="CreateInstance" signature="()" line-rate="1" branch-rate="1" complexity="1">
              <lines>
                <line number="212" hits="1" branch="False" />
              </lines>
            </method>
          </methods>
          <lines>
            <line number="212" hits="1" branch="False" />
          </lines>
        </class>
        <class name="System.Text.RegularExpressions.Generated.&lt;RegexGenerator_g&gt;F1F893F6DAA5F7574A96EBBC738EC77144C3C8DDE2CB206E110E5E766860D4699__LocationPattern_0/RunnerFactory/Runner" filename="obj/Debug/net10.0/linux-x64/System.Text.RegularExpressions.Generator/System.Text.RegularExpressions.Generator.RegexGenerator/RegexGenerator.g.cs" line-rate="0.7337" branch-rate="0.65" complexity="60">
          <methods>
            <method name="Scan" signature="(System.ReadOnlySpan`1&lt;System.Char&gt;)" line-rate="0.5555" branch-rate="0.6666" complexity="6">
              <lines>
                <line number="220" hits="16" branch="False" />
                <line number="222" hits="16" branch="True" condition-coverage="66.66% (4/6)">
                  <conditions>
                    <condition number="67" type="jump" coverage="50%" />
                    <condition number="33" type="jump" coverage="100%" />
                    <condition number="42" type="jump" coverage="50%" />
                  </conditions>
                </line>
                <line number="223" hits="16" branch="False" />
                <line number="224" hits="16" branch="False" />
                <line number="225" hits="0" branch="False" />
                <line number="226" hits="0" branch="False" />
                <line number="227" hits="0" branch="False" />
                <line number="228" hits="0" branch="False" />
                <line number="229" hits="16" branch="False" />
              </lines>
            </method>
            <method name="TryFindNextPossibleStartingPosition" signature="(System.ReadOnlySpan`1&lt;System.Char&gt;)" line-rate="1" branch-rate="1" complexity="4">
              <lines>
                <line number="235" hits="16" branch="False" />
                <line number="236" hits="16" branch="False" />
                <line number="239" hits="16" branch="True" condition-coverage="100% (2/2)">
                  <conditions>
                    <condition number="25" type="jump" coverage="100%" />
                  </conditions>
                </line>
                <line number="240" hits="16" branch="False" />
                <line number="243" hits="16" branch="False" />
                <line number="244" hits="16" branch="True" condition-coverage="100% (2/2)">
                  <conditions>
                    <condition number="56" type="jump" coverage="100%" />
                  </conditions>
                </line>
                <line number="245" hits="6" branch="False" />
                <line number="246" hits="6" branch="False" />
                <line number="247" hits="6" branch="False" />
                <line number="249" hits="10" branch="False" />
                <line number="252" hits="10" branch="False" />
                <line number="253" hits="10" branch="False" />
                <line number="254" hits="16" branch="False" />
              </lines>
            </method>
            <method name="TryMatchAtCurrentPosition" signature="(System.ReadOnlySpan`1&lt;System.Char&gt;)" line-rate="0.7304" branch-rate="0.625" complexity="48">
              <lines>
                <line number="260" hits="6" branch="False" />
                <line number="261" hits="6" branch="False" />
                <line number="262" hits="6" branch="False" />
                <line number="263" hits="6" branch="False" />
                <line number="264" hits="6" branch="False" />
                <line number="265" hits="6" branch="False" />
                <line number="266" hits="12" branch="False" />
                <line number="267" hits="12" branch="False" />
                <line number="268" hits="6" branch="False" />
                <line number="269" hits="6" branch="False" />
                <line number="270" hits="6" branch="False" />
                <line number="271" hits="6" branch="False" />
                <line number="272" hits="6" branch="False" />
                <line number="275" hits="6" branch="True" condition-coverage="50% (1/2)">
                  <conditions>
                    <condition number="75" type="jump" coverage="50%" />
                  </conditions>
                </line>
                <line number="276" hits="0" branch="False" />
                <line number="277" hits="0" branch="False" />
                <line number="278" hits="0" branch="False" />
                <line number="283" hits="6" branch="False" />
                <line number="284" hits="6" branch="False" />
                <line number="285" hits="6" branch="False" />
                <line number="286" hits="6" branch="False" />
                <line number="288" hits="7" branch="False" />
                <line number="289" hits="7" branch="False" />
                <line number="290" hits="7" branch="False" />
                <line number="292" hits="7" branch="False" />
                <line number="293" hits="7" branch="False" />
                <line number="294" hits="7" branch="True" condition-coverage="50% (2/4)">
                  <conditions>
                    <condition number="153" type="jump" coverage="50%" />
                    <condition number="175" type="jump" coverage="50%" />
                  </conditions>
                </line>
                <line number="295" hits="0" branch="False" />
                <line number="296" hits="0" branch="False" />
                <line number="297" hits="0" branch="False" />
                <line number="299" hits="7" branch="False" />
                <line number="300" hits="7" branch="False" />
                <line number="301" hits="7" branch="False" />
                <line number="302" hits="7" branch="True" condition-coverage="50% (2/4)">
                  <conditions>
                    <condition number="230" type="jump" coverage="50%" />
                    <condition number="253" type="jump" coverage="50%" />
                  </conditions>
                </line>
                <line number="303" hits="0" branch="False" />
                <line number="304" hits="0" branch="False" />
                <line number="305" hits="0" branch="False" />
                <line number="307" hits="7" branch="False" />
                <line number="308" hits="7" branch="False" />
                <line number="309" hits="7" branch="False" />
                <line number="311" hits="13" branch="False" />
                <line number="312" hits="13" branch="False" />
                <line number="316" hits="13" branch="True" condition-coverage="75% (3/4)">
                  <conditions>
                    <condition number="306" type="jump" coverage="50%" />
                    <condition number="331" type="jump" coverage="100%" />
                  </conditions>
                </line>
                <line number="317" hits="6" branch="False" />
                <line number="318" hits="6" branch="False" />
                <line number="323" hits="7" branch="False" />
                <line number="324" hits="7" branch="False" />
                <line number="325" hits="7" branch="False" />
                <line number="329" hits="7" branch="False" />
                <line number="331" hits="7" branch="False" />
                <line number="332" hits="15" branch="True" condition-coverage="100% (4/4)">
                  <conditions>
                    <condition number="404" type="jump" coverage="100%" />
                    <condition number="380" type="jump" coverage="100%" />
                  </conditions>
                </line>
                <line number="333" hits="8" branch="False" />
                <line number="334" hits="8" branch="False" />
                <line number="335" hits="8" branch="False" />
                <line number="337" hits="7" branch="True" condition-coverage="100% (2/2)">
                  <conditions>
                    <condition number="415" type="jump" coverage="100%" />
                  </conditions>
                </line>
                <line number="338" hits="1" branch="False" />
                <line number="339" hits="1" branch="False" />
                <line number="342" hits="6" branch="False" />
                <line number="343" hits="6" branch="False" />
                <line number="345" hits="6" branch="False" />
                <line number="346" hits="6" branch="False" />
                <line number="347" hits="6" branch="False" />
                <line number="349" hits="0" branch="False" />
                <line number="350" hits="0" branch="False" />
                <line number="352" hits="0" branch="False" />
                <line number="354" hits="0" branch="True" condition-coverage="0% (0/2)">
                  <conditions>
                    <condition number="479" type="jump" coverage="0%" />
                  </conditions>
                </line>
                <line number="355" hits="0" branch="False" />
                <line number="356" hits="0" branch="False" />
                <line number="358" hits="0" branch="False" />
                <line number="359" hits="0" branch="False" />
                <line number="361" hits="6" branch="False" />
                <line number="362" hits="6" branch="False" />
                <line number="365" hits="6" branch="False" />
                <line number="367" hits="6" branch="False" />
                <line number="369" hits="0" branch="False" />
                <line number="370" hits="0" branch="False" />
                <line number="372" hits="12" branch="False" />
                <line number="377" hits="6" branch="False" />
                <line number="379" hits="6" branch="False" />
                <line number="380" hits="6" branch="False" />
                <line number="382" hits="6" branch="False" />
                <line number="385" hits="6" branch="True" condition-coverage="100% (4/4)">
                  <conditions>
                    <condition number="568" type="jump" coverage="100%" />
                    <condition number="593" type="jump" coverage="100%" />
                  </conditions>
                </line>
                <line number="386" hits="1" branch="False" />
                <line number="387" hits="1" branch="False" />
                <line number="391" hits="5" branch="False" />
                <line number="392" hits="5" branch="False" />
                <line number="393" hits="5" branch="False" />
                <line number="394" hits="5" branch="False" />
                <line number="397" hits="5" branch="False" />
                <line number="398" hits="5" branch="False" />
                <line number="399" hits="10" branch="True" condition-coverage="100% (4/4)">
                  <conditions>
                    <condition number="666" type="jump" coverage="100%" />
                    <condition number="642" type="jump" coverage="100%" />
                  </conditions>
                </line>
                <line number="400" hits="5" branch="False" />
                <line number="401" hits="5" branch="False" />
                <line number="402" hits="5" branch="False" />
                <line number="404" hits="5" branch="True" condition-coverage="50% (1/2)">
                  <conditions>
                    <condition number="677" type="jump" coverage="50%" />
                  </conditions>
                </line>
                <line number="405" hits="0" branch="False" />
                <line number="406" hits="0" branch="False" />
                <line number="409" hits="5" branch="False" />
                <line number="410" hits="5" branch="False" />
                <line number="411" hits="5" branch="False" />
                <line number="413" hits="5" branch="False" />
                <line number="414" hits="5" branch="False" />
                <line number="418" hits="5" branch="True" condition-coverage="50% (1/2)">
                  <conditions>
                    <condition number="720" type="jump" coverage="50%" />
                  </conditions>
                </line>
                <line number="419" hits="0" branch="False" />
                <line number="420" hits="0" branch="False" />
                <line number="422" hits="5" branch="False" />
                <line number="425" hits="1" branch="False" />
                <line number="426" hits="1" branch="True" condition-coverage="50% (1/2)">
                  <conditions>
                    <condition number="745" type="jump" coverage="50%" />
                  </conditions>
                </line>
                <line number="427" hits="0" branch="False" />
                <line number="429" hits="0" branch="False" />
                <line number="431" hits="1" branch="False" />
                <line number="432" hits="1" branch="False" />
                <line number="433" hits="1" branch="False" />
                <line number="434" hits="12" branch="False" />
                <line number="439" hits="6" branch="False" />
                <line number="441" hits="6" branch="False" />
                <line number="442" hits="6" branch="True" condition-coverage="50% (2/4)">
                  <conditions>
                    <condition number="850" type="jump" coverage="50%" />
                    <condition number="826" type="jump" coverage="50%" />
                  </conditions>
                </line>
                <line number="443" hits="0" branch="False" />
                <line number="444" hits="0" branch="False" />
                <line number="445" hits="0" branch="False" />
                <line number="447" hits="6" branch="False" />
                <line number="448" hits="6" branch="False" />
                <line number="450" hits="6" branch="False" />
                <line number="451" hits="6" branch="False" />
                <line number="453" hits="0" branch="False" />
                <line number="454" hits="0" branch="False" />
                <line number="456" hits="0" branch="False" />
                <line number="458" hits="0" branch="True" condition-coverage="0% (0/2)">
                  <conditions>
                    <condition number="903" type="jump" coverage="0%" />
                  </conditions>
                </line>
                <line number="459" hits="0" branch="False" />
                <line number="460" hits="0" branch="False" />
                <line number="462" hits="0" branch="False" />
                <line number="463" hits="0" branch="False" />
                <line number="465" hits="6" branch="False" />
                <line number="466" hits="6" branch="False" />
                <line number="470" hits="6" branch="True" condition-coverage="50% (3/6)">
                  <conditions>
                    <condition number="948" type="jump" coverage="50%" />
                    <condition number="958" type="jump" coverage="50%" />
                    <condition number="986" type="jump" coverage="50%" />
                  </conditions>
                </line>
                <line number="471" hits="0" branch="False" />
                <line number="472" hits="0" branch="False" />
                <line number="476" hits="6" branch="False" />
                <line number="477" hits="6" branch="False" />
                <line number="478" hits="6" branch="False" />
                <line number="489" hits="6" branch="False" />
              </lines>
            </method>
            <method name="&lt;TryMatchAtCurrentPosition&gt;g__UncaptureUntil|2_0" signature="(System.Int32)" line-rate="0.5" branch-rate="0.5" complexity="2">
              <lines>
                <line number="483" hits="8" branch="False" />
                <line number="484" hits="8" branch="True" condition-coverage="50% (1/2)">
                  <conditions>
                    <condition number="23" type="jump" coverage="50%" />
                  </conditions>
                </line>
                <line number="485" hits="0" branch="False" />
                <line number="486" hits="0" branch="False" />
                <line number="487" hits="0" branch="False" />
                <line number="488" hits="8" branch="False" />
              </lines>
            </method>
          </methods>
          <lines>
            <line number="220" hits="16" branch="False" />
            <line number="222" hits="16" branch="True" condition-coverage="66.66% (4/6)">
              <conditions>
                <condition number="67" type="jump" coverage="50%" />
                <condition number="33" type="jump" coverage="100%" />
                <condition number="42" type="jump" coverage="50%" />
              </conditions>
            </line>
            <line number="223" hits="16" branch="False" />
            <line number="224" hits="16" branch="False" />
            <line number="225" hits="0" branch="False" />
            <line number="226" hits="0" branch="False" />
            <line number="227" hits="0" branch="False" />
            <line number="228" hits="0" branch="False" />
            <line number="229" hits="16" branch="False" />
            <line number="235" hits="16" branch="False" />
            <line number="236" hits="16" branch="False" />
            <line number="239" hits="16" branch="True" condition-coverage="100% (2/2)">
              <conditions>
                <condition number="25" type="jump" coverage="100%" />
              </conditions>
            </line>
            <line number="240" hits="16" branch="False" />
            <line number="243" hits="16" branch="False" />
            <line number="244" hits="16" branch="True" condition-coverage="100% (2/2)">
              <conditions>
                <condition number="56" type="jump" coverage="100%" />
              </conditions>
            </line>
            <line number="245" hits="6" branch="False" />
            <line number="246" hits="6" branch="False" />
            <line number="247" hits="6" branch="False" />
            <line number="249" hits="10" branch="False" />
            <line number="252" hits="10" branch="False" />
            <line number="253" hits="10" branch="False" />
            <line number="254" hits="16" branch="False" />
            <line number="260" hits="6" branch="False" />
            <line number="261" hits="6" branch="False" />
            <line number="262" hits="6" branch="False" />
            <line number="263" hits="6" branch="False" />
            <line number="264" hits="6" branch="False" />
            <line number="265" hits="6" branch="False" />
            <line number="266" hits="12" branch="False" />
            <line number="267" hits="12" branch="False" />
            <line number="268" hits="6" branch="False" />
            <line number="269" hits="6" branch="False" />
            <line number="270" hits="6" branch="False" />
            <line number="271" hits="6" branch="False" />
            <line number="272" hits="6" branch="False" />
            <line number="275" hits="6" branch="True" condition-coverage="50% (1/2)">
              <conditions>
                <condition number="75" type="jump" coverage="50%" />
              </conditions>
            </line>
            <line number="276" hits="0" branch="False" />
            <line number="277" hits="0" branch="False" />
            <line number="278" hits="0" branch="False" />
            <line number="283" hits="6" branch="False" />
            <line number="284" hits="6" branch="False" />
            <line number="285" hits="6" branch="False" />
            <line number="286" hits="6" branch="False" />
            <line number="288" hits="7" branch="False" />
            <line number="289" hits="7" branch="False" />
            <line number="290" hits="7" branch="False" />
            <line number="292" hits="7" branch="False" />
            <line number="293" hits="7" branch="False" />
            <line number="294" hits="7" branch="True" condition-coverage="50% (2/4)">
              <conditions>
                <condition number="153" type="jump" coverage="50%" />
                <condition number="175" type="jump" coverage="50%" />
              </conditions>
            </line>
            <line number="295" hits="0" branch="False" />
            <line number="296" hits="0" branch="False" />
            <line number="297" hits="0" branch="False" />
            <line number="299" hits="7" branch="False" />
            <line number="300" hits="7" branch="False" />
            <line number="301" hits="7" branch="False" />
            <line number="302" hits="7" branch="True" condition-coverage="50% (2/4)">
              <conditions>
                <condition number="230" type="jump" coverage="50%" />
                <condition number="253" type="jump" coverage="50%" />
              </conditions>
            </line>
            <line number="303" hits="0" branch="False" />
            <line number="304" hits="0" branch="False" />
            <line number="305" hits="0" branch="False" />
            <line number="307" hits="7" branch="False" />
            <line number="308" hits="7" branch="False" />
            <line number="309" hits="7" branch="False" />
            <line number="311" hits="13" branch="False" />
            <line number="312" hits="13" branch="False" />
            <line number="316" hits="13" branch="True" condition-coverage="75% (3/4)">
              <conditions>
                <condition number="306" type="jump" coverage="50%" />
                <condition number="331" type="jump" coverage="100%" />
              </conditions>
            </line>
            <line number="317" hits="6" branch="False" />
            <line number="318" hits="6" branch="False" />
            <line number="323" hits="7" branch="False" />
            <line number="324" hits="7" branch="False" />
            <line number="325" hits="7" branch="False" />
            <line number="329" hits="7" branch="False" />
            <line number="331" hits="7" branch="False" />
            <line number="332" hits="15" branch="True" condition-coverage="100% (4/4)">
              <conditions>
                <condition number="404" type="jump" coverage="100%" />
                <condition number="380" type="jump" coverage="100%" />
              </conditions>
            </line>
            <line number="333" hits="8" branch="False" />
            <line number="334" hits="8" branch="False" />
            <line number="335" hits="8" branch="False" />
            <line number="337" hits="7" branch="True" condition-coverage="100% (2/2)">
              <conditions>
                <condition number="415" type="jump" coverage="100%" />
              </conditions>
            </line>
            <line number="338" hits="1" branch="False" />
            <line number="339" hits="1" branch="False" />
            <line number="342" hits="6" branch="False" />
            <line number="343" hits="6" branch="False" />
            <line number="345" hits="6" branch="False" />
            <line number="346" hits="6" branch="False" />
            <line number="347" hits="6" branch="False" />
            <line number="349" hits="0" branch="False" />
            <line number="350" hits="0" branch="False" />
            <line number="352" hits="0" branch="False" />
            <line number="354" hits="0" branch="True" condition-coverage="0% (0/2)">
              <conditions>
                <condition number="479" type="jump" coverage="0%" />
              </conditions>
            </line>
            <line number="355" hits="0" branch="False" />
            <line number="356" hits="0" branch="False" />
            <line number="358" hits="0" branch="False" />
            <line number="359" hits="0" branch="False" />
            <line number="361" hits="6" branch="False" />
            <line number="362" hits="6" branch="False" />
            <line number="365" hits="6" branch="False" />
            <line number="367" hits="6" branch="False" />
            <line number="369" hits="0" branch="False" />
            <line number="370" hits="0" branch="False" />
            <line number="372" hits="12" branch="False" />
            <line number="377" hits="6" branch="False" />
            <line number="379" hits="6" branch="False" />
            <line number="380" hits="6" branch="False" />
            <line number="382" hits="6" branch="False" />
            <line number="385" hits="6" branch="True" condition-coverage="100% (4/4)">
              <conditions>
                <condition number="568" type="jump" coverage="100%" />
                <condition number="593" type="jump" coverage="100%" />
              </conditions>
            </line>
            <line number="386" hits="1" branch="False" />
            <line number="387" hits="1" branch="False" />
            <line number="391" hits="5" branch="False" />
            <line number="392" hits="5" branch="False" />
            <line number="393" hits="5" branch="False" />
            <line number="394" hits="5" branch="False" />
            <line number="397" hits="5" branch="False" />
            <line number="398" hits="5" branch="False" />
            <line number="399" hits="10" branch="True" condition-coverage="100% (4/4)">
              <conditions>
                <condition number="666" type="jump" coverage="100%" />
                <condition number="642" type="jump" coverage="100%" />
              </conditions>
            </line>
            <line number="400" hits="5" branch="False" />
            <line number="401" hits="5" branch="False" />
            <line number="402" hits="5" branch="False" />
            <line number="404" hits="5" branch="True" condition-coverage="50% (1/2)">
              <conditions>
                <condition number="677" type="jump" coverage="50%" />
              </conditions>
            </line>
            <line number="405" hits="0" branch="False" />
            <line number="406" hits="0" branch="False" />
            <line number="409" hits="5" branch="False" />
            <line number="410" hits="5" branch="False" />
            <line number="411" hits="5" branch="False" />
            <line number="413" hits="5" branch="False" />
            <line number="414" hits="5" branch="False" />
            <line number="418" hits="5" branch="True" condition-coverage="50% (1/2)">
              <conditions>
                <condition number="720" type="jump" coverage="50%" />
              </conditions>
            </line>
            <line number="419" hits="0" branch="False" />
            <line number="420" hits="0" branch="False" />
            <line number="422" hits="5" branch="False" />
            <line number="425" hits="1" branch="False" />
            <line number="426" hits="1" branch="True" condition-coverage="50% (1/2)">
              <conditions>
                <condition number="745" type="jump" coverage="50%" />
              </conditions>
            </line>
            <line number="427" hits="0" branch="False" />
            <line number="429" hits="0" branch="False" />
            <line number="431" hits="1" branch="False" />
            <line number="432" hits="1" branch="False" />
            <line number="433" hits="1" branch="False" />
            <line number="434" hits="12" branch="False" />
            <line number="439" hits="6" branch="False" />
            <line number="441" hits="6" branch="False" />
            <line number="442" hits="6" branch="True" condition-coverage="50% (2/4)">
              <conditions>
                <condition number="850" type="jump" coverage="50%" />
                <condition number="826" type="jump" coverage="50%" />
              </conditions>
            </line>
            <line number="443" hits="0" branch="False" />
            <line number="444" hits="0" branch="False" />
            <line number="445" hits="0" branch="False" />
            <line number="447" hits="6" branch="False" />
            <line number="448" hits="6" branch="False" />
            <line number="450" hits="6" branch="False" />
            <line number="451" hits="6" branch="False" />
            <line number="453" hits="0" branch="False" />
            <line number="454" hits="0" branch="False" />
            <line number="456" hits="0" branch="False" />
            <line number="458" hits="0" branch="True" condition-coverage="0% (0/2)">
              <conditions>
                <condition number="903" type="jump" coverage="0%" />
              </conditions>
            </line>
            <line number="459" hits="0" branch="False" />
            <line number="460" hits="0" branch="False" />
            <line number="462" hits="0" branch="False" />
            <line number="463" hits="0" branch="False" />
            <line number="465" hits="6" branch="False" />
            <line number="466" hits="6" branch="False" />
            <line number="470" hits="6" branch="True" condition-coverage="50% (3/6)">
              <conditions>
                <condition number="948" type="jump" coverage="50%" />
                <condition number="958" type="jump" coverage="50%" />
                <condition number="986" type="jump" coverage="50%" />
              </conditions>
            </line>
            <line number="471" hits="0" branch="False" />
            <line number="472" hits="0" branch="False" />
            <line number="476" hits="6" branch="False" />
            <line number="477" hits="6" branch="False" />
            <line number="478" hits="6" branch="False" />
            <line number="489" hits="6" branch="False" />
            <line number="483" hits="8" branch="False" />
            <line number="484" hits="8" branch="True" condition-coverage="50% (1/2)">
              <conditions>
                <condition number="23" type="jump" coverage="50%" />
              </conditions>
            </line>
            <line number="485" hits="0" branch="False" />
            <line number="486" hits="0" branch="False" />
            <line number="487" hits="0" branch="False" />
            <line number="488" hits="8" branch="False" />
          </lines>
        </class>
        <class name="System.Text.RegularExpressions.Generated.&lt;RegexGenerator_g&gt;F1F893F6DAA5F7574A96EBBC738EC77144C3C8DDE2CB206E110E5E766860D4699__InlineLocationPattern_1" filename="obj/Debug/net10.0/linux-x64/System.Text.RegularExpressions.Generator/System.Text.RegularExpressions.Generator.RegexGenerator/RegexGenerator.g.cs" line-rate="1" branch-rate="1" complexity="2">
          <methods>
            <method name=".ctor" signature="()" line-rate="1" branch-rate="1" complexity="1">
              <lines>
                <line number="503" hits="1" branch="False" />
                <line number="504" hits="1" branch="False" />
                <line number="505" hits="1" branch="False" />
                <line number="506" hits="1" branch="False" />
                <line number="507" hits="1" branch="False" />
                <line number="508" hits="1" branch="False" />
                <line number="509" hits="1" branch="False" />
                <line number="510" hits="1" branch="False" />
              </lines>
            </method>
            <method name=".cctor" signature="()" line-rate="1" branch-rate="1" complexity="1">
              <lines>
                <line number="500" hits="1" branch="False" />
              </lines>
            </method>
          </methods>
          <lines>
            <line number="503" hits="1" branch="False" />
            <line number="504" hits="1" branch="False" />
            <line number="505" hits="1" branch="False" />
            <line number="506" hits="1" branch="False" />
            <line number="507" hits="1" branch="False" />
            <line number="508" hits="1" branch="False" />
            <line number="509" hits="1" branch="False" />
            <line number="510" hits="1" branch="False" />
            <line number="500" hits="1" branch="False" />
          </lines>
        </class>
        <class name="System.Text.RegularExpressions.Generated.&lt;RegexGenerator_g&gt;F1F893F6DAA5F7574A96EBBC738EC77144C3C8DDE2CB206E110E5E766860D4699__InlineLocationPattern_1/RunnerFactory" filename="obj/Debug/net10.0/linux-x64/System.Text.RegularExpressions.Generator/System.Text.RegularExpressions.Generator.RegexGenerator/RegexGenerator.g.cs" line-rate="1" branch-rate="1" complexity="1">
          <methods>
            <method name="CreateInstance" signature="()" line-rate="1" branch-rate="1" complexity="1">
              <lines>
                <line number="516" hits="1" branch="False" />
              </lines>
            </method>
          </methods>
          <lines>
            <line number="516" hits="1" branch="False" />
          </lines>
        </class>
        <class name="System.Text.RegularExpressions.Generated.&lt;RegexGenerator_g&gt;F1F893F6DAA5F7574A96EBBC738EC77144C3C8DDE2CB206E110E5E766860D4699__InlineLocationPattern_1/RunnerFactory/Runner" filename="obj/Debug/net10.0/linux-x64/System.Text.RegularExpressions.Generator/System.Text.RegularExpressions.Generator.RegexGenerator/RegexGenerator.g.cs" line-rate="0.7537" branch-rate="0.6739" complexity="46">
          <methods>
            <method name="Scan" signature="(System.ReadOnlySpan`1&lt;System.Char&gt;)" line-rate="0.5555" branch-rate="0.6666" complexity="6">
              <lines>
                <line number="524" hits="10" branch="False" />
                <line number="526" hits="10" branch="True" condition-coverage="66.66% (4/6)">
                  <conditions>
                    <condition number="67" type="jump" coverage="50%" />
                    <condition number="33" type="jump" coverage="100%" />
                    <condition number="42" type="jump" coverage="50%" />
                  </conditions>
                </line>
                <line number="527" hits="10" branch="False" />
                <line number="528" hits="10" branch="False" />
                <line number="529" hits="0" branch="False" />
                <line number="530" hits="0" branch="False" />
                <line number="531" hits="0" branch="False" />
                <line number="532" hits="0" branch="False" />
                <line number="533" hits="10" branch="False" />
              </lines>
            </method>
            <method name="TryFindNextPossibleStartingPosition" signature="(System.ReadOnlySpan`1&lt;System.Char&gt;)" line-rate="1" branch-rate="1" complexity="4">
              <lines>
                <line number="539" hits="10" branch="False" />
                <line number="540" hits="10" branch="False" />
                <line number="543" hits="10" branch="True" condition-coverage="100% (2/2)">
                  <conditions>
                    <condition number="25" type="jump" coverage="100%" />
                  </conditions>
                </line>
                <line number="544" hits="10" branch="False" />
                <line number="547" hits="10" branch="False" />
                <line number="548" hits="10" branch="True" condition-coverage="100% (2/2)">
                  <conditions>
                    <condition number="56" type="jump" coverage="100%" />
                  </conditions>
                </line>
                <line number="549" hits="2" branch="False" />
                <line number="550" hits="2" branch="False" />
                <line number="551" hits="2" branch="False" />
                <line number="553" hits="8" branch="False" />
                <line number="556" hits="8" branch="False" />
                <line number="557" hits="8" branch="False" />
                <line number="558" hits="10" branch="False" />
              </lines>
            </method>
            <method name="TryMatchAtCurrentPosition" signature="(System.ReadOnlySpan`1&lt;System.Char&gt;)" line-rate="0.7547" branch-rate="0.647" complexity="34">
              <lines>
                <line number="564" hits="2" branch="False" />
                <line number="565" hits="2" branch="False" />
                <line number="566" hits="2" branch="False" />
                <line number="567" hits="2" branch="False" />
                <line number="568" hits="2" branch="False" />
                <line number="569" hits="4" branch="False" />
                <line number="570" hits="2" branch="False" />
                <line number="571" hits="2" branch="False" />
                <line number="572" hits="2" branch="False" />
                <line number="573" hits="2" branch="False" />
                <line number="575" hits="2" branch="True" condition-coverage="50% (2/4)">
                  <conditions>
                    <condition number="47" type="jump" coverage="50%" />
                    <condition number="77" type="jump" coverage="50%" />
                  </conditions>
                </line>
                <line number="576" hits="2" branch="False" />
                <line number="577" hits="0" branch="False" />
                <line number="578" hits="0" branch="False" />
                <line number="579" hits="0" branch="False" />
                <line number="583" hits="2" branch="False" />
                <line number="584" hits="2" branch="True" condition-coverage="75% (3/4)">
                  <conditions>
                    <condition number="105" type="jump" coverage="50%" />
                    <condition number="130" type="jump" coverage="100%" />
                  </conditions>
                </line>
                <line number="585" hits="2" branch="False" />
                <line number="586" hits="2" branch="False" />
                <line number="587" hits="2" branch="False" />
                <line number="588" hits="2" branch="False" />
                <line number="589" hits="2" branch="False" />
                <line number="591" hits="2" branch="True" condition-coverage="50% (2/4)">
                  <conditions>
                    <condition number="157" type="jump" coverage="50%" />
                    <condition number="193" type="jump" coverage="50%" />
                  </conditions>
                </line>
                <line number="592" hits="2" branch="False" />
                <line number="593" hits="0" branch="False" />
                <line number="594" hits="0" branch="False" />
                <line number="595" hits="0" branch="False" />
                <line number="600" hits="2" branch="False" />
                <line number="601" hits="2" branch="False" />
                <line number="602" hits="2" branch="False" />
                <line number="606" hits="2" branch="False" />
                <line number="608" hits="2" branch="False" />
                <line number="609" hits="4" branch="True" condition-coverage="100% (4/4)">
                  <conditions>
                    <condition number="277" type="jump" coverage="100%" />
                    <condition number="253" type="jump" coverage="100%" />
                  </conditions>
                </line>
                <line number="610" hits="2" branch="False" />
                <line number="611" hits="2" branch="False" />
                <line number="612" hits="2" branch="False" />
                <line number="614" hits="2" branch="True" condition-coverage="50% (1/2)">
                  <conditions>
                    <condition number="288" type="jump" coverage="50%" />
                  </conditions>
                </line>
                <line number="615" hits="0" branch="False" />
                <line number="616" hits="0" branch="False" />
                <line number="617" hits="0" branch="False" />
                <line number="620" hits="2" branch="False" />
                <line number="621" hits="2" branch="False" />
                <line number="623" hits="2" branch="False" />
                <line number="624" hits="2" branch="False" />
                <line number="625" hits="2" branch="False" />
                <line number="627" hits="0" branch="False" />
                <line number="628" hits="0" branch="False" />
                <line number="630" hits="0" branch="False" />
                <line number="632" hits="0" branch="True" condition-coverage="0% (0/2)">
                  <conditions>
                    <condition number="363" type="jump" coverage="0%" />
                  </conditions>
                </line>
                <line number="633" hits="0" branch="False" />
                <line number="634" hits="0" branch="False" />
                <line number="635" hits="0" branch="False" />
                <line number="637" hits="0" branch="False" />
                <line number="638" hits="0" branch="False" />
                <line number="640" hits="2" branch="False" />
                <line number="641" hits="2" branch="False" />
                <line number="644" hits="2" branch="False" />
                <line number="646" hits="2" branch="False" />
                <line number="648" hits="0" branch="False" />
                <line number="649" hits="0" branch="False" />
                <line number="651" hits="4" branch="False" />
                <line number="655" hits="2" branch="False" />
                <line number="656" hits="2" branch="False" />
                <line number="657" hits="2" branch="False" />
                <line number="659" hits="2" branch="False" />
                <line number="660" hits="2" branch="False" />
                <line number="662" hits="2" branch="False" />
                <line number="665" hits="2" branch="True" condition-coverage="100% (4/4)">
                  <conditions>
                    <condition number="468" type="jump" coverage="100%" />
                    <condition number="493" type="jump" coverage="100%" />
                  </conditions>
                </line>
                <line number="666" hits="1" branch="False" />
                <line number="667" hits="1" branch="False" />
                <line number="671" hits="1" branch="False" />
                <line number="672" hits="1" branch="False" />
                <line number="673" hits="1" branch="False" />
                <line number="674" hits="1" branch="False" />
                <line number="677" hits="1" branch="False" />
                <line number="678" hits="1" branch="False" />
                <line number="679" hits="2" branch="True" condition-coverage="75% (3/4)">
                  <conditions>
                    <condition number="566" type="jump" coverage="100%" />
                    <condition number="542" type="jump" coverage="50%" />
                  </conditions>
                </line>
                <line number="680" hits="1" branch="False" />
                <line number="681" hits="1" branch="False" />
                <line number="682" hits="1" branch="False" />
                <line number="684" hits="1" branch="True" condition-coverage="50% (1/2)">
                  <conditions>
                    <condition number="577" type="jump" coverage="50%" />
                  </conditions>
                </line>
                <line number="685" hits="0" branch="False" />
                <line number="686" hits="0" branch="False" />
                <line number="689" hits="1" branch="False" />
                <line number="690" hits="1" branch="False" />
                <line number="691" hits="1" branch="False" />
                <line number="693" hits="1" branch="False" />
                <line number="694" hits="1" branch="False" />
                <line number="698" hits="1" branch="True" condition-coverage="50% (1/2)">
                  <conditions>
                    <condition number="620" type="jump" coverage="50%" />
                  </conditions>
                </line>
                <line number="699" hits="0" branch="False" />
                <line number="700" hits="0" branch="False" />
                <line number="702" hits="1" branch="False" />
                <line number="705" hits="1" branch="False" />
                <line number="706" hits="1" branch="True" condition-coverage="50% (1/2)">
                  <conditions>
                    <condition number="645" type="jump" coverage="50%" />
                  </conditions>
                </line>
                <line number="707" hits="0" branch="False" />
                <line number="709" hits="0" branch="False" />
                <line number="711" hits="1" branch="False" />
                <line number="712" hits="1" branch="False" />
                <line number="713" hits="1" branch="False" />
                <line number="714" hits="2" branch="False" />
                <line number="715" hits="2" branch="False" />
                <line number="716" hits="2" branch="False" />
                <line number="719" hits="2" branch="False" />
                <line number="720" hits="2" branch="False" />
                <line number="721" hits="2" branch="False" />
                <line number="732" hits="2" branch="False" />
              </lines>
            </method>
            <method name="&lt;TryMatchAtCurrentPosition&gt;g__UncaptureUntil|2_0" signature="(System.Int32)" line-rate="0.5" branch-rate="0.5" complexity="2">
              <lines>
                <line number="726" hits="1" branch="False" />
                <line number="727" hits="1" branch="True" condition-coverage="50% (1/2)">
                  <conditions>
                    <condition number="23" type="jump" coverage="50%" />
                  </conditions>
                </line>
                <line number="728" hits="0" branch="False" />
                <line number="729" hits="0" branch="False" />
                <line number="730" hits="0" branch="False" />
                <line number="731" hits="1" branch="False" />
              </lines>
            </method>
          </methods>
          <lines>
            <line number="524" hits="10" branch="False" />
            <line number="526" hits="10" branch="True" condition-coverage="66.66% (4/6)">
              <conditions>
                <condition number="67" type="jump" coverage="50%" />
                <condition number="33" type="jump" coverage="100%" />
                <condition number="42" type="jump" coverage="50%" />
              </conditions>
            </line>
            <line number="527" hits="10" branch="False" />
            <line number="528" hits="10" branch="False" />
            <line number="529" hits="0" branch="False" />
            <line number="530" hits="0" branch="False" />
            <line number="531" hits="0" branch="False" />
            <line number="532" hits="0" branch="False" />
            <line number="533" hits="10" branch="False" />
            <line number="539" hits="10" branch="False" />
            <line number="540" hits="10" branch="False" />
            <line number="543" hits="10" branch="True" condition-coverage="100% (2/2)">
              <conditions>
                <condition number="25" type="jump" coverage="100%" />
              </conditions>
            </line>
            <line number="544" hits="10" branch="False" />
            <line number="547" hits="10" branch="False" />
            <line number="548" hits="10" branch="True" condition-coverage="100% (2/2)">
              <conditions>
                <condition number="56" type="jump" coverage="100%" />
              </conditions>
            </line>
            <line number="549" hits="2" branch="False" />
            <line number="550" hits="2" branch="False" />
            <line number="551" hits="2" branch="False" />
            <line number="553" hits="8" branch="False" />
            <line number="556" hits="8" branch="False" />
            <line number="557" hits="8" branch="False" />
            <line number="558" hits="10" branch="False" />
            <line number="564" hits="2" branch="False" />
            <line number="565" hits="2" branch="False" />
            <line number="566" hits="2" branch="False" />
            <line number="567" hits="2" branch="False" />
            <line number="568" hits="2" branch="False" />
            <line number="569" hits="4" branch="False" />
            <line number="570" hits="2" branch="False" />
            <line number="571" hits="2" branch="False" />
            <line number="572" hits="2" branch="False" />
            <line number="573" hits="2" branch="False" />
            <line number="575" hits="2" branch="True" condition-coverage="50% (2/4)">
              <conditions>
                <condition number="47" type="jump" coverage="50%" />
                <condition number="77" type="jump" coverage="50%" />
              </conditions>
            </line>
            <line number="576" hits="2" branch="False" />
            <line number="577" hits="0" branch="False" />
            <line number="578" hits="0" branch="False" />
            <line number="579" hits="0" branch="False" />
            <line number="583" hits="2" branch="False" />
            <line number="584" hits="2" branch="True" condition-coverage="75% (3/4)">
              <conditions>
                <condition number="105" type="jump" coverage="50%" />
                <condition number="130" type="jump" coverage="100%" />
              </conditions>
            </line>
            <line number="585" hits="2" branch="False" />
            <line number="586" hits="2" branch="False" />
            <line number="587" hits="2" branch="False" />
            <line number="588" hits="2" branch="False" />
            <line number="589" hits="2" branch="False" />
            <line number="591" hits="2" branch="True" condition-coverage="50% (2/4)">
              <conditions>
                <condition number="157" type="jump" coverage="50%" />
                <condition number="193" type="jump" coverage="50%" />
              </conditions>
            </line>
            <line number="592" hits="2" branch="False" />
            <line number="593" hits="0" branch="False" />
            <line number="594" hits="0" branch="False" />
            <line number="595" hits="0" branch="False" />
            <line number="600" hits="2" branch="False" />
            <line number="601" hits="2" branch="False" />
            <line number="602" hits="2" branch="False" />
            <line number="606" hits="2" branch="False" />
            <line number="608" hits="2" branch="False" />
            <line number="609" hits="4" branch="True" condition-coverage="100% (4/4)">
              <conditions>
                <condition number="277" type="jump" coverage="100%" />
                <condition number="253" type="jump" coverage="100%" />
              </conditions>
            </line>
            <line number="610" hits="2" branch="False" />
            <line number="611" hits="2" branch="False" />
            <line number="612" hits="2" branch="False" />
            <line number="614" hits="2" branch="True" condition-coverage="50% (1/2)">
              <conditions>
                <condition number="288" type="jump" coverage="50%" />
              </conditions>
            </line>
            <line number="615" hits="0" branch="False" />
            <line number="616" hits="0" branch="False" />
            <line number="617" hits="0" branch="False" />
            <line number="620" hits="2" branch="False" />
            <line number="621" hits="2" branch="False" />
            <line number="623" hits="2" branch="False" />
            <line number="624" hits="2" branch="False" />
            <line number="625" hits="2" branch="False" />
            <line number="627" hits="0" branch="False" />
            <line number="628" hits="0" branch="False" />
            <line number="630" hits="0" branch="False" />
            <line number="632" hits="0" branch="True" condition-coverage="0% (0/2)">
              <conditions>
                <condition number="363" type="jump" coverage="0%" />
              </conditions>
            </line>
            <line number="633" hits="0" branch="False" />
            <line number="634" hits="0" branch="False" />
            <line number="635" hits="0" branch="False" />
            <line number="637" hits="0" branch="False" />
            <line number="638" hits="0" branch="False" />
            <line number="640" hits="2" branch="False" />
            <line number="641" hits="2" branch="False" />
            <line number="644" hits="2" branch="False" />
            <line number="646" hits="2" branch="False" />
            <line number="648" hits="0" branch="False" />
            <line number="649" hits="0" branch="False" />
            <line number="651" hits="4" branch="False" />
            <line number="655" hits="2" branch="False" />
            <line number="656" hits="2" branch="False" />
            <line number="657" hits="2" branch="False" />
            <line number="659" hits="2" branch="False" />
            <line number="660" hits="2" branch="False" />
            <line number="662" hits="2" branch="False" />
            <line number="665" hits="2" branch="True" condition-coverage="100% (4/4)">
              <conditions>
                <condition number="468" type="jump" coverage="100%" />
                <condition number="493" type="jump" coverage="100%" />
              </conditions>
            </line>
            <line number="666" hits="1" branch="False" />
            <line number="667" hits="1" branch="False" />
            <line number="671" hits="1" branch="False" />
            <line number="672" hits="1" branch="False" />
            <line number="673" hits="1" branch="False" />
            <line number="674" hits="1" branch="False" />
            <line number="677" hits="1" branch="False" />
            <line number="678" hits="1" branch="False" />
            <line number="679" hits="2" branch="True" condition-coverage="75% (3/4)">
              <conditions>
                <condition number="566" type="jump" coverage="100%" />
                <condition number="542" type="jump" coverage="50%" />
              </conditions>
            </line>
            <line number="680" hits="1" branch="False" />
            <line number="681" hits="1" branch="False" />
            <line number="682" hits="1" branch="False" />
            <line number="684" hits="1" branch="True" condition-coverage="50% (1/2)">
              <conditions>
                <condition number="577" type="jump" coverage="50%" />
              </conditions>
            </line>
            <line number="685" hits="0" branch="False" />
            <line number="686" hits="0" branch="False" />
            <line number="689" hits="1" branch="False" />
            <line number="690" hits="1" branch="False" />
            <line number="691" hits="1" branch="False" />
            <line number="693" hits="1" branch="False" />
            <line number="694" hits="1" branch="False" />
            <line number="698" hits="1" branch="True" condition-coverage="50% (1/2)">
              <conditions>
                <condition number="620" type="jump" coverage="50%" />
              </conditions>
            </line>
            <line number="699" hits="0" branch="False" />
            <line number="700" hits="0" branch="False" />
            <line number="702" hits="1" branch="False" />
            <line number="705" hits="1" branch="False" />
            <line number="706" hits="1" branch="True" condition-coverage="50% (1/2)">
              <conditions>
                <condition number="645" type="jump" coverage="50%" />
              </conditions>
            </line>
            <line number="707" hits="0" branch="False" />
            <line number="709" hits="0" branch="False" />
            <line number="711" hits="1" branch="False" />
            <line number="712" hits="1" branch="False" />
            <line number="713" hits="1" branch="False" />
            <line number="714" hits="2" branch="False" />
            <line number="715" hits="2" branch="False" />
            <line number="716" hits="2" branch="False" />
            <line number="719" hits="2" branch="False" />
            <line number="720" hits="2" branch="False" />
            <line number="721" hits="2" branch="False" />
            <line number="732" hits="2" branch="False" />
            <line number="726" hits="1" branch="False" />
            <line number="727" hits="1" branch="True" condition-coverage="50% (1/2)">
              <conditions>
                <condition number="23" type="jump" coverage="50%" />
              </conditions>
            </line>
            <line number="728" hits="0" branch="False" />
            <line number="729" hits="0" branch="False" />
            <line number="730" hits="0" branch="False" />
            <line number="731" hits="1" branch="False" />
          </lines>
        </class>
        <class name="System.Text.RegularExpressions.Generated.&lt;RegexGenerator_g&gt;F1F893F6DAA5F7574A96EBBC738EC77144C3C8DDE2CB206E110E5E766860D4699__ErrorKeywordPattern_2" filename="obj/Debug/net10.0/linux-x64/System.Text.RegularExpressions.Generator/System.Text.RegularExpressions.Generator.RegexGenerator/RegexGenerator.g.cs" line-rate="1" branch-rate="1" complexity="2">
          <methods>
            <method name=".ctor" signature="()" line-rate="1" branch-rate="1" complexity="1">
              <lines>
                <line number="746" hits="1" branch="False" />
                <line number="747" hits="1" branch="False" />
                <line number="748" hits="1" branch="False" />
                <line number="749" hits="1" branch="False" />
                <line number="750" hits="1" branch="False" />
                <line number="751" hits="1" branch="False" />
                <line number="752" hits="1" branch="False" />
                <line number="753" hits="1" branch="False" />
              </lines>
            </method>
            <method name=".cctor" signature="()" line-rate="1" branch-rate="1" complexity="1">
              <lines>
                <line number="743" hits="1" branch="False" />
              </lines>
            </method>
          </methods>
          <lines>
            <line number="746" hits="1" branch="False" />
            <line number="747" hits="1" branch="False" />
            <line number="748" hits="1" branch="False" />
            <line number="749" hits="1" branch="False" />
            <line number="750" hits="1" branch="False" />
            <line number="751" hits="1" branch="False" />
            <line number="752" hits="1" branch="False" />
            <line number="753" hits="1" branch="False" />
            <line number="743" hits="1" branch="False" />
          </lines>
        </class>
        <class name="System.Text.RegularExpressions.Generated.&lt;RegexGenerator_g&gt;F1F893F6DAA5F7574A96EBBC738EC77144C3C8DDE2CB206E110E5E766860D4699__ErrorKeywordPattern_2/RunnerFactory" filename="obj/Debug/net10.0/linux-x64/System.Text.RegularExpressions.Generator/System.Text.RegularExpressions.Generator.RegexGenerator/RegexGenerator.g.cs" line-rate="1" branch-rate="1" complexity="1">
          <methods>
            <method name="CreateInstance" signature="()" line-rate="1" branch-rate="1" complexity="1">
              <lines>
                <line number="759" hits="1" branch="False" />
              </lines>
            </method>
          </methods>
          <lines>
            <line number="759" hits="1" branch="False" />
          </lines>
        </class>
        <class name="System.Text.RegularExpressions.Generated.&lt;RegexGenerator_g&gt;F1F893F6DAA5F7574A96EBBC738EC77144C3C8DDE2CB206E110E5E766860D4699__ErrorKeywordPattern_2/RunnerFactory/Runner" filename="obj/Debug/net10.0/linux-x64/System.Text.RegularExpressions.Generator/System.Text.RegularExpressions.Generator.RegexGenerator/RegexGenerator.g.cs" line-rate="0.45740000000000003" branch-rate="0.3906" complexity="64">
          <methods>
            <method name="Scan" signature="(System.ReadOnlySpan`1&lt;System.Char&gt;)" line-rate="0.5555" branch-rate="0.6666" complexity="6">
              <lines>
                <line number="767" hits="16" branch="False" />
                <line number="769" hits="16" branch="True" condition-coverage="66.66% (4/6)">
                  <conditions>
                    <condition number="67" type="jump" coverage="50%" />
                    <condition number="33" type="jump" coverage="100%" />
                    <condition number="42" type="jump" coverage="50%" />
                  </conditions>
                </line>
                <line number="770" hits="16" branch="False" />
                <line number="771" hits="16" branch="False" />
                <line number="772" hits="0" branch="False" />
                <line number="773" hits="0" branch="False" />
                <line number="774" hits="0" branch="False" />
                <line number="775" hits="0" branch="False" />
                <line number="776" hits="16" branch="False" />
              </lines>
            </method>
            <method name="TryFindNextPossibleStartingPosition" signature="(System.ReadOnlySpan`1&lt;System.Char&gt;)" line-rate="1" branch-rate="1" complexity="4">
              <lines>
                <line number="782" hits="16" branch="False" />
                <line number="783" hits="16" branch="False" />
                <line number="786" hits="16" branch="True" condition-coverage="100% (2/2)">
                  <conditions>
                    <condition number="25" type="jump" coverage="100%" />
                  </conditions>
                </line>
                <line number="787" hits="16" branch="False" />
                <line number="790" hits="16" branch="False" />
                <line number="791" hits="16" branch="True" condition-coverage="100% (2/2)">
                  <conditions>
                    <condition number="56" type="jump" coverage="100%" />
                  </conditions>
                </line>
                <line number="792" hits="9" branch="False" />
                <line number="793" hits="9" branch="False" />
                <line number="794" hits="9" branch="False" />
                <line number="796" hits="7" branch="False" />
                <line number="799" hits="7" branch="False" />
                <line number="800" hits="7" branch="False" />
                <line number="801" hits="16" branch="False" />
              </lines>
            </method>
            <method name="TryMatchAtCurrentPosition" signature="(System.ReadOnlySpan`1&lt;System.Char&gt;)" line-rate="0.3787" branch-rate="0.32689999999999997" complexity="52">
              <lines>
                <line number="807" hits="9" branch="False" />
                <line number="808" hits="9" branch="False" />
                <line number="809" hits="9" branch="False" />
                <line number="810" hits="9" branch="False" />
                <line number="811" hits="9" branch="False" />
                <line number="814" hits="9" branch="True" condition-coverage="50% (1/2)">
                  <conditions>
                    <condition number="35" type="jump" coverage="50%" />
                  </conditions>
                </line>
                <line number="815" hits="0" branch="False" />
                <line number="816" hits="0" branch="False" />
                <line number="817" hits="0" branch="False" />
                <line number="822" hits="9" branch="False" />
                <line number="826" hits="9" branch="True" condition-coverage="50% (1/2)">
                  <conditions>
                    <condition number="67" type="jump" coverage="50%" />
                  </conditions>
                </line>
                <line number="827" hits="0" branch="False" />
                <line number="828" hits="0" branch="False" />
                <line number="829" hits="0" branch="False" />
                <line number="832" hits="9" branch="True" condition-coverage="38.46% (10/26)">
                  <conditions>
                    <condition number="105" type="jump" coverage="100%" />
                    <condition number="111" type="jump" coverage="50%" />
                    <condition number="117" type="jump" coverage="100%" />
                    <condition number="139" type="jump" coverage="0%" />
                    <condition number="150" type="jump" coverage="0%" />
                    <condition number="175" type="jump" coverage="50%" />
                    <condition number="181" type="jump" coverage="100%" />
                    <condition number="200" type="jump" coverage="0%" />
                    <condition number="211" type="jump" coverage="0%" />
                    <condition number="125" type="jump" coverage="50%" />
                    <condition number="189" type="jump" coverage="50%" />
                    <condition number="161" type="jump" coverage="0%" />
                    <condition number="222" type="jump" coverage="0%" />
                  </conditions>
                </line>
                <line number="836" hits="2" branch="True" condition-coverage="50% (2/4)">
                  <conditions>
                    <condition number="240" type="jump" coverage="50%" />
                    <condition number="276" type="jump" coverage="50%" />
                  </conditions>
                </line>
                <line number="837" hits="2" branch="False" />
                <line number="838" hits="0" branch="False" />
                <line number="839" hits="0" branch="False" />
                <line number="840" hits="0" branch="False" />
                <line number="843" hits="2" branch="False" />
                <line number="844" hits="2" branch="False" />
                <line number="845" hits="2" branch="False" />
                <line number="849" hits="7" branch="True" condition-coverage="50% (2/4)">
                  <conditions>
                    <condition number="321" type="jump" coverage="50%" />
                    <condition number="357" type="jump" coverage="50%" />
                  </conditions>
                </line>
                <line number="850" hits="7" branch="False" />
                <line number="851" hits="0" branch="False" />
                <line number="852" hits="0" branch="False" />
                <line number="853" hits="0" branch="False" />
                <line number="856" hits="7" branch="False" />
                <line number="857" hits="7" branch="False" />
                <line number="858" hits="7" branch="False" />
                <line number="862" hits="0" branch="True" condition-coverage="0% (0/4)">
                  <conditions>
                    <condition number="402" type="jump" coverage="0%" />
                    <condition number="438" type="jump" coverage="0%" />
                  </conditions>
                </line>
                <line number="863" hits="0" branch="False" />
                <line number="864" hits="0" branch="False" />
                <line number="865" hits="0" branch="False" />
                <line number="866" hits="0" branch="False" />
                <line number="869" hits="0" branch="False" />
                <line number="870" hits="0" branch="False" />
                <line number="871" hits="0" branch="False" />
                <line number="875" hits="0" branch="True" condition-coverage="0% (0/4)">
                  <conditions>
                    <condition number="483" type="jump" coverage="0%" />
                    <condition number="519" type="jump" coverage="0%" />
                  </conditions>
                </line>
                <line number="876" hits="0" branch="False" />
                <line number="877" hits="0" branch="False" />
                <line number="878" hits="0" branch="False" />
                <line number="879" hits="0" branch="False" />
                <line number="882" hits="0" branch="False" />
                <line number="883" hits="0" branch="False" />
                <line number="884" hits="0" branch="False" />
                <line number="888" hits="0" branch="True" condition-coverage="0% (0/4)">
                  <conditions>
                    <condition number="562" type="jump" coverage="0%" />
                    <condition number="598" type="jump" coverage="0%" />
                  </conditions>
                </line>
                <line number="889" hits="0" branch="False" />
                <line number="890" hits="0" branch="False" />
                <line number="891" hits="0" branch="False" />
                <line number="892" hits="0" branch="False" />
                <line number="895" hits="0" branch="False" />
                <line number="896" hits="0" branch="False" />
                <line number="897" hits="0" branch="False" />
                <line number="900" hits="0" branch="False" />
                <line number="901" hits="0" branch="False" />
                <line number="905" hits="9" branch="False" />
                <line number="909" hits="9" branch="True" condition-coverage="50% (1/2)">
                  <conditions>
                    <condition number="667" type="jump" coverage="50%" />
                  </conditions>
                </line>
                <line number="910" hits="0" branch="False" />
                <line number="911" hits="0" branch="False" />
                <line number="912" hits="0" branch="False" />
                <line number="916" hits="9" branch="False" />
                <line number="917" hits="9" branch="False" />
                <line number="918" hits="9" branch="False" />
                <line number="929" hits="9" branch="False" />
              </lines>
            </method>
            <method name="&lt;TryMatchAtCurrentPosition&gt;g__UncaptureUntil|2_0" signature="(System.Int32)" line-rate="0" branch-rate="0" complexity="2">
              <lines>
                <line number="923" hits="0" branch="False" />
                <line number="924" hits="0" branch="True" condition-coverage="0% (0/2)">
                  <conditions>
                    <condition number="23" type="jump" coverage="0%" />
                  </conditions>
                </line>
                <line number="925" hits="0" branch="False" />
                <line number="926" hits="0" branch="False" />
                <line number="927" hits="0" branch="False" />
                <line number="928" hits="0" branch="False" />
              </lines>
            </method>
          </methods>
          <lines>
            <line number="767" hits="16" branch="False" />
            <line number="769" hits="16" branch="True" condition-coverage="66.66% (4/6)">
              <conditions>
                <condition number="67" type="jump" coverage="50%" />
                <condition number="33" type="jump" coverage="100%" />
                <condition number="42" type="jump" coverage="50%" />
              </conditions>
            </line>
            <line number="770" hits="16" branch="False" />
            <line number="771" hits="16" branch="False" />
            <line number="772" hits="0" branch="False" />
            <line number="773" hits="0" branch="False" />
            <line number="774" hits="0" branch="False" />
            <line number="775" hits="0" branch="False" />
            <line number="776" hits="16" branch="False" />
            <line number="782" hits="16" branch="False" />
            <line number="783" hits="16" branch="False" />
            <line number="786" hits="16" branch="True" condition-coverage="100% (2/2)">
              <conditions>
                <condition number="25" type="jump" coverage="100%" />
              </conditions>
            </line>
            <line number="787" hits="16" branch="False" />
            <line number="790" hits="16" branch="False" />
            <line number="791" hits="16" branch="True" condition-coverage="100% (2/2)">
              <conditions>
                <condition number="56" type="jump" coverage="100%" />
              </conditions>
            </line>
            <line number="792" hits="9" branch="False" />
            <line number="793" hits="9" branch="False" />
            <line number="794" hits="9" branch="False" />
            <line number="796" hits="7" branch="False" />
            <line number="799" hits="7" branch="False" />
            <line number="800" hits="7" branch="False" />
            <line number="801" hits="16" branch="False" />
            <line number="807" hits="9" branch="False" />
            <line number="808" hits="9" branch="False" />
            <line number="809" hits="9" branch="False" />
            <line number="810" hits="9" branch="False" />
            <line number="811" hits="9" branch="False" />
            <line number="814" hits="9" branch="True" condition-coverage="50% (1/2)">
              <conditions>
                <condition number="35" type="jump" coverage="50%" />
              </conditions>
            </line>
            <line number="815" hits="0" branch="False" />
            <line number="816" hits="0" branch="False" />
            <line number="817" hits="0" branch="False" />
            <line number="822" hits="9" branch="False" />
            <line number="826" hits="9" branch="True" condition-coverage="50% (1/2)">
              <conditions>
                <condition number="67" type="jump" coverage="50%" />
              </conditions>
            </line>
            <line number="827" hits="0" branch="False" />
            <line number="828" hits="0" branch="False" />
            <line number="829" hits="0" branch="False" />
            <line number="832" hits="9" branch="True" condition-coverage="38.46% (10/26)">
              <conditions>
                <condition number="105" type="jump" coverage="100%" />
                <condition number="111" type="jump" coverage="50%" />
                <condition number="117" type="jump" coverage="100%" />
                <condition number="139" type="jump" coverage="0%" />
                <condition number="150" type="jump" coverage="0%" />
                <condition number="175" type="jump" coverage="50%" />
                <condition number="181" type="jump" coverage="100%" />
                <condition number="200" type="jump" coverage="0%" />
                <condition number="211" type="jump" coverage="0%" />
                <condition number="125" type="jump" coverage="50%" />
                <condition number="189" type="jump" coverage="50%" />
                <condition number="161" type="jump" coverage="0%" />
                <condition number="222" type="jump" coverage="0%" />
              </conditions>
            </line>
            <line number="836" hits="2" branch="True" condition-coverage="50% (2/4)">
              <conditions>
                <condition number="240" type="jump" coverage="50%" />
                <condition number="276" type="jump" coverage="50%" />
              </conditions>
            </line>
            <line number="837" hits="2" branch="False" />
            <line number="838" hits="0" branch="False" />
            <line number="839" hits="0" branch="False" />
            <line number="840" hits="0" branch="False" />
            <line number="843" hits="2" branch="False" />
            <line number="844" hits="2" branch="False" />
            <line number="845" hits="2" branch="False" />
            <line number="849" hits="7" branch="True" condition-coverage="50% (2/4)">
              <conditions>
                <condition number="321" type="jump" coverage="50%" />
                <condition number="357" type="jump" coverage="50%" />
              </conditions>
            </line>
            <line number="850" hits="7" branch="False" />
            <line number="851" hits="0" branch="False" />
            <line number="852" hits="0" branch="False" />
            <line number="853" hits="0" branch="False" />
            <line number="856" hits="7" branch="False" />
            <line number="857" hits="7" branch="False" />
            <line number="858" hits="7" branch="False" />
            <line number="862" hits="0" branch="True" condition-coverage="0% (0/4)">
              <conditions>
[...]
              <lines>
                <line number="222" hits="18" branch="False" />
                <line number="223" hits="18" branch="True" condition-coverage="64.28% (27/42)">
                  <conditions>
                    <condition number="110" type="jump" coverage="100%" />
                    <condition number="118" type="jump" coverage="50%" />
                    <condition number="126" type="jump" coverage="0%" />
                    <condition number="155" type="jump" coverage="50%" />
                    <condition number="178" type="jump" coverage="50%" />
                    <condition number="186" type="jump" coverage="50%" />
                    <condition number="209" type="jump" coverage="0%" />
                    <condition number="222" type="jump" coverage="0%" />
                    <condition number="165" type="jump" coverage="100%" />
                    <condition number="196" type="jump" coverage="50%" />
                    <condition number="139" type="jump" coverage="50%" />
                    <condition number="235" type="jump" coverage="50%" />
                    <condition number="253" type="jump" coverage="100%" />
                    <condition number="274" type="jump" coverage="100%" />
                    <condition number="295" type="jump" coverage="50%" />
                    <condition number="316" type="jump" coverage="50%" />
                    <condition number="337" type="jump" coverage="100%" />
                    <condition number="358" type="jump" coverage="100%" />
                    <condition number="379" type="jump" coverage="100%" />
                    <condition number="400" type="jump" coverage="100%" />
                    <condition number="421" type="jump" coverage="100%" />
                  </conditions>
                </line>
                <line number="226" hits="8" branch="False" />
                <line number="228" hits="8" branch="False" />
                <line number="229" hits="8" branch="True" condition-coverage="100% (2/2)">
                  <conditions>
                    <condition number="467" type="jump" coverage="100%" />
                  </conditions>
                </line>
                <line number="230" hits="8" branch="False" />
                <line number="231" hits="8" branch="False" />
                <line number="235" hits="7" branch="False" />
                <line number="237" hits="7" branch="False" />
                <line number="238" hits="7" branch="True" condition-coverage="50% (1/2)">
                  <conditions>
                    <condition number="532" type="jump" coverage="50%" />
                  </conditions>
                </line>
                <line number="239" hits="7" branch="False" />
                <line number="240" hits="7" branch="False" />
                <line number="241" hits="7" branch="False" />
                <line number="246" hits="0" branch="False" />
                <line number="250" hits="0" branch="False" />
                <line number="251" hits="0" branch="True" condition-coverage="0% (0/2)">
                  <conditions>
                    <condition number="624" type="jump" coverage="0%" />
                  </conditions>
                </line>
                <line number="252" hits="0" branch="False" />
                <line number="253" hits="0" branch="False" />
                <line number="254" hits="0" branch="False" />
                <line number="257" hits="0" branch="False" />
                <line number="258" hits="0" branch="True" condition-coverage="0% (0/2)">
                  <conditions>
                    <condition number="689" type="jump" coverage="0%" />
                  </conditions>
                </line>
                <line number="259" hits="0" branch="False" />
                <line number="260" hits="0" branch="False" />
                <line number="261" hits="0" branch="False" />
                <line number="271" hits="0" branch="False" />
                <line number="275" hits="3" branch="False" />
                <line number="276" hits="3" branch="True" condition-coverage="100% (2/2)">
                  <conditions>
                    <condition number="779" type="jump" coverage="100%" />
                  </conditions>
                </line>
                <line number="277" hits="3" branch="False" />
                <line number="278" hits="3" branch="False" />
                <line number="280" hits="18" branch="False" />
              </lines>
            </method>
          </methods>
          <lines>
            <line number="222" hits="18" branch="False" />
            <line number="223" hits="18" branch="True" condition-coverage="64.28% (27/42)">
              <conditions>
                <condition number="110" type="jump" coverage="100%" />
                <condition number="118" type="jump" coverage="50%" />
                <condition number="126" type="jump" coverage="0%" />
                <condition number="155" type="jump" coverage="50%" />
                <condition number="178" type="jump" coverage="50%" />
                <condition number="186" type="jump" coverage="50%" />
                <condition number="209" type="jump" coverage="0%" />
                <condition number="222" type="jump" coverage="0%" />
                <condition number="165" type="jump" coverage="100%" />
                <condition number="196" type="jump" coverage="50%" />
                <condition number="139" type="jump" coverage="50%" />
                <condition number="235" type="jump" coverage="50%" />
                <condition number="253" type="jump" coverage="100%" />
                <condition number="274" type="jump" coverage="100%" />
                <condition number="295" type="jump" coverage="50%" />
                <condition number="316" type="jump" coverage="50%" />
                <condition number="337" type="jump" coverage="100%" />
                <condition number="358" type="jump" coverage="100%" />
                <condition number="379" type="jump" coverage="100%" />
                <condition number="400" type="jump" coverage="100%" />
                <condition number="421" type="jump" coverage="100%" />
              </conditions>
            </line>
            <line number="226" hits="8" branch="False" />
            <line number="228" hits="8" branch="False" />
            <line number="229" hits="8" branch="True" condition-coverage="100% (2/2)">
              <conditions>
                <condition number="467" type="jump" coverage="100%" />
              </conditions>
            </line>
            <line number="230" hits="8" branch="False" />
            <line number="231" hits="8" branch="False" />
            <line number="235" hits="7" branch="False" />
            <line number="237" hits="7" branch="False" />
            <line number="238" hits="7" branch="True" condition-coverage="50% (1/2)">
              <conditions>
                <condition number="532" type="jump" coverage="50%" />
              </conditions>
            </line>
            <line number="239" hits="7" branch="False" />
            <line number="240" hits="7" branch="False" />
            <line number="241" hits="7" branch="False" />
            <line number="246" hits="0" branch="False" />
            <line number="250" hits="0" branch="False" />
            <line number="251" hits="0" branch="True" condition-coverage="0% (0/2)">
              <conditions>
                <condition number="624" type="jump" coverage="0%" />
              </conditions>
            </line>
            <line number="252" hits="0" branch="False" />
            <line number="253" hits="0" branch="False" />
            <line number="254" hits="0" branch="False" />
            <line number="257" hits="0" branch="False" />
            <line number="258" hits="0" branch="True" condition-coverage="0% (0/2)">
              <conditions>
                <condition number="689" type="jump" coverage="0%" />
              </conditions>
            </line>
            <line number="259" hits="0" branch="False" />
            <line number="260" hits="0" branch="False" />
            <line number="261" hits="0" branch="False" />
            <line number="271" hits="0" branch="False" />
            <line number="275" hits="3" branch="False" />
            <line number="276" hits="3" branch="True" condition-coverage="100% (2/2)">
              <conditions>
                <condition number="779" type="jump" coverage="100%" />
              </conditions>
            </line>
            <line number="277" hits="3" branch="False" />
            <line number="278" hits="3" branch="False" />
            <line number="280" hits="18" branch="False" />
          </lines>
        </class>
        <class name="Dolphin.Cli.CheckCommand" filename="Cli/CheckCommand.cs" line-rate="0.46590000000000004" branch-rate="1" complexity="1">
          <methods>
            <method name="Build" signature="()" line-rate="0.46590000000000004" branch-rate="1" complexity="1">
              <lines>
                <line number="10" hits="1" branch="False" />
                <line number="11" hits="1" branch="False" />
                <line number="12" hits="1" branch="False" />
                <line number="13" hits="1" branch="False" />
                <line number="14" hits="0" branch="False" />
                <line number="15" hits="1" branch="False" />
                <line number="17" hits="1" branch="False" />
                <line number="18" hits="1" branch="False" />
                <line number="19" hits="1" branch="False" />
                <line number="20" hits="1" branch="False" />
                <line number="22" hits="1" branch="False" />
                <line number="23" hits="1" branch="False" />
                <line number="24" hits="1" branch="False" />
                <line number="25" hits="0" branch="False" />
                <line number="26" hits="1" branch="False" />
                <line number="28" hits="1" branch="False" />
                <line number="29" hits="1" branch="False" />
                <line number="30" hits="1" branch="False" />
                <line number="31" hits="1" branch="False" />
                <line number="32" hits="1" branch="False" />
                <line number="33" hits="1" branch="False" />
                <line number="35" hits="1" branch="False" />
                <line number="36" hits="0" branch="False" />
                <line number="37" hits="1" branch="False" />
                <line number="38" hits="0" branch="False" />
                <line number="39" hits="0" branch="False" />
                <line number="40" hits="0" branch="False" />
                <line number="41" hits="0" branch="False" />
                <line number="42" hits="0" branch="False" />
                <line number="43" hits="0" branch="False" />
                <line number="44" hits="0" branch="False" />
                <line number="45" hits="0" branch="False" />
                <line number="46" hits="1" branch="False" />
                <line number="47" hits="1" branch="False" />
                <line number="48" hits="1" branch="False" />
                <line number="49" hits="1" branch="False" />
                <line number="50" hits="1" branch="False" />
                <line number="51" hits="0" branch="False" />
                <line number="52" hits="0" branch="False" />
                <line number="53" hits="0" branch="False" />
                <line number="54" hits="0" branch="False" />
                <line number="55" hits="0" branch="False" />
                <line number="56" hits="0" branch="False" />
                <line number="57" hits="0" branch="False" />
                <line number="58" hits="0" branch="False" />
                <line number="59" hits="0" branch="False" />
                <line number="60" hits="0" branch="False" />
                <line number="61" hits="1" branch="False" />
                <line number="62" hits="1" branch="False" />
                <line number="63" hits="1" branch="False" />
                <line number="64" hits="1" branch="False" />
                <line number="65" hits="1" branch="False" />
                <line number="66" hits="0" branch="False" />
                <line number="67" hits="0" branch="False" />
                <line number="68" hits="0" branch="False" />
                <line number="69" hits="0" branch="False" />
                <line number="70" hits="0" branch="False" />
                <line number="71" hits="0" branch="False" />
                <line number="72" hits="0" branch="False" />
                <line number="73" hits="0" branch="False" />
                <line number="74" hits="0" branch="False" />
                <line number="75" hits="0" branch="False" />
                <line number="76" hits="1" branch="False" />
                <line number="77" hits="0" branch="False" />
                <line number="78" hits="0" branch="False" />
                <line number="79" hits="0" branch="False" />
                <line number="80" hits="0" branch="False" />
                <line number="81" hits="0" branch="False" />
                <line number="82" hits="0" branch="False" />
                <line number="83" hits="0" branch="False" />
                <line number="84" hits="1" branch="False" />
                <line number="85" hits="1" branch="False" />
                <line number="86" hits="0" branch="False" />
                <line number="87" hits="0" branch="False" />
                <line number="88" hits="0" branch="False" />
                <line number="89" hits="0" branch="False" />
                <line number="90" hits="0" branch="False" />
                <line number="91" hits="0" branch="False" />
                <line number="92" hits="1" branch="False" />
                <line number="93" hits="0" branch="False" />
                <line number="94" hits="1" branch="False" />
                <line number="95" hits="1" branch="False" />
                <line number="96" hits="0" branch="False" />
                <line number="97" hits="0" branch="False" />
                <line number="98" hits="1" branch="False" />
                <line number="99" hits="1" branch="False" />
                <line number="101" hits="1" branch="False" />
                <line number="102" hits="1" branch="False" />
              </lines>
            </method>
          </methods>
          <lines>
            <line number="10" hits="1" branch="False" />
            <line number="11" hits="1" branch="False" />
            <line number="12" hits="1" branch="False" />
            <line number="13" hits="1" branch="False" />
            <line number="14" hits="0" branch="False" />
            <line number="15" hits="1" branch="False" />
            <line number="17" hits="1" branch="False" />
            <line number="18" hits="1" branch="False" />
            <line number="19" hits="1" branch="False" />
            <line number="20" hits="1" branch="False" />
            <line number="22" hits="1" branch="False" />
            <line number="23" hits="1" branch="False" />
            <line number="24" hits="1" branch="False" />
            <line number="25" hits="0" branch="False" />
            <line number="26" hits="1" branch="False" />
            <line number="28" hits="1" branch="False" />
            <line number="29" hits="1" branch="False" />
            <line number="30" hits="1" branch="False" />
            <line number="31" hits="1" branch="False" />
            <line number="32" hits="1" branch="False" />
            <line number="33" hits="1" branch="False" />
            <line number="35" hits="1" branch="False" />
            <line number="36" hits="0" branch="False" />
            <line number="37" hits="1" branch="False" />
            <line number="38" hits="0" branch="False" />
            <line number="39" hits="0" branch="False" />
            <line number="40" hits="0" branch="False" />
            <line number="41" hits="0" branch="False" />
            <line number="42" hits="0" branch="False" />
            <line number="43" hits="0" branch="False" />
            <line number="44" hits="0" branch="False" />
            <line number="45" hits="0" branch="False" />
            <line number="46" hits="1" branch="False" />
            <line number="47" hits="1" branch="False" />
            <line number="48" hits="1" branch="False" />
            <line number="49" hits="1" branch="False" />
            <line number="50" hits="1" branch="False" />
            <line number="51" hits="0" branch="False" />
            <line number="52" hits="0" branch="False" />
            <line number="53" hits="0" branch="False" />
            <line number="54" hits="0" branch="False" />
            <line number="55" hits="0" branch="False" />
            <line number="56" hits="0" branch="False" />
            <line number="57" hits="0" branch="False" />
            <line number="58" hits="0" branch="False" />
            <line number="59" hits="0" branch="False" />
            <line number="60" hits="0" branch="False" />
            <line number="61" hits="1" branch="False" />
            <line number="62" hits="1" branch="False" />
            <line number="63" hits="1" branch="False" />
            <line number="64" hits="1" branch="False" />
            <line number="65" hits="1" branch="False" />
            <line number="66" hits="0" branch="False" />
            <line number="67" hits="0" branch="False" />
            <line number="68" hits="0" branch="False" />
            <line number="69" hits="0" branch="False" />
            <line number="70" hits="0" branch="False" />
            <line number="71" hits="0" branch="False" />
            <line number="72" hits="0" branch="False" />
            <line number="73" hits="0" branch="False" />
            <line number="74" hits="0" branch="False" />
            <line number="75" hits="0" branch="False" />
            <line number="76" hits="1" branch="False" />
            <line number="77" hits="0" branch="False" />
            <line number="78" hits="0" branch="False" />
            <line number="79" hits="0" branch="False" />
            <line number="80" hits="0" branch="False" />
            <line number="81" hits="0" branch="False" />
            <line number="82" hits="0" branch="False" />
            <line number="83" hits="0" branch="False" />
            <line number="84" hits="1" branch="False" />
            <line number="85" hits="1" branch="False" />
            <line number="86" hits="0" branch="False" />
            <line number="87" hits="0" branch="False" />
            <line number="88" hits="0" branch="False" />
            <line number="89" hits="0" branch="False" />
            <line number="90" hits="0" branch="False" />
            <line number="91" hits="0" branch="False" />
            <line number="92" hits="1" branch="False" />
            <line number="93" hits="0" branch="False" />
            <line number="94" hits="1" branch="False" />
            <line number="95" hits="1" branch="False" />
            <line number="96" hits="0" branch="False" />
            <line number="97" hits="0" branch="False" />
            <line number="98" hits="1" branch="False" />
            <line number="99" hits="1" branch="False" />
            <line number="101" hits="1" branch="False" />
            <line number="102" hits="1" branch="False" />
          </lines>
        </class>
        <class name="Dolphin.Cli.CheckCommand/&lt;&gt;c/&lt;&lt;Build&gt;b__0_2&gt;d" filename="Cli/CheckCommand.cs" line-rate="1" branch-rate="0" complexity="6">
          <methods />
          <lines />
        </class>
      </classes>
    </package>
  </packages>
</coverage>